<?xml version="1.0" encoding="UTF-8"?>
<!-- Generated by org.testng.reporters.JUnitXMLReporter -->
<testsuite ignored="0" hostname="LAPTOP-I097JJ7B" failures="0" tests="12" name="ChromeTest" time="12.497" errors="0" timestamp="2023-07-14T14:17:59 CEST">
  <testcase classname="TestClasses.Test1" name="step1" time="1.45"/>
  <testcase classname="TestClasses.Test1" name="step1" time="1.864"/>
  <testcase classname="TestClasses.Test2" name="step1" time="1.767"/>
  <testcase classname="TestClasses.Test1" name="step2" time="1.005"/>
  <testcase classname="TestClasses.Test1" name="step3" time="1.421"/>
  <testcase classname="TestClasses.Test1" name="step4" time="0.2"/>
  <testcase classname="TestClasses.Test1" name="step5" time="0.797"/>
  <testcase classname="TestClasses.Test1" name="step6" time="0.109"/>
  <testcase classname="TestClasses.Test1" name="step7" time="1.121"/>
  <testcase classname="TestClasses.Test2" name="step1" time="1.921"/>
  <testcase classname="TestClasses.Test1" name="step8" time="0.889"/>
  <testcase classname="TestClasses.Test1" name="step9" time="0.224"/>
</testsuite> <!-- ChromeTest -->
