<?xml version="1.0" encoding="UTF-8"?>
<!-- Generated by org.testng.reporters.JUnitXMLReporter -->
<testsuite ignored="0" hostname="LAPTOP-I097JJ7B" failures="0" tests="13" name="TestCasesFirefox" time="47.211" errors="0" timestamp="2023-07-15T17:54:14 CEST">
  <testcase classname="testClasses.Test3" name="step1" time="1.727"/>
  <testcase classname="testClasses.Test3" name="step2" time="0.012"/>
  <testcase classname="testClasses.Test3" name="step3" time="0.516"/>
  <testcase classname="testClasses.Test3" name="step4" time="0.475"/>
  <testcase classname="testClasses.Test3" name="step5" time="0.08"/>
  <testcase classname="testClasses.Test3" name="step6" time="0.13"/>
  <testcase classname="testClasses.Test3" name="step7" time="0.893"/>
  <testcase classname="testClasses.Test3" name="step8" time="0.025"/>
  <testcase classname="testClasses.Test3" name="step9" time="0.237"/>
  <testcase classname="testClasses.Test1" name="step6" time="0.033"/>
  <testcase classname="testClasses.Test1" name="step7" time="6.229"/>
  <testcase classname="testClasses.Test1" name="step8" time="1.428"/>
  <testcase classname="testClasses.Test1" name="step9" time="0.03"/>
</testsuite> <!-- TestCasesFirefox -->
