<?xml version="1.0" encoding="UTF-8"?>
<!-- Generated by org.testng.reporters.JUnitXMLReporter -->
<testsuite ignored="0" hostname="LAPTOP-I097JJ7B" failures="0" tests="14" name="TestCase3Chrome" time="4.529" errors="0" timestamp="2023-07-15T18:01:25 CEST">
  <testcase classname="testClasses.Test2" name="step1" time="2.121"/>
  <testcase classname="testClasses.Test2" name="step2" time="0.074"/>
  <testcase classname="testClasses.Test2" name="step3" time="0.279"/>
  <testcase classname="testClasses.Test3" name="step1" time="1.456"/>
  <testcase classname="testClasses.Test3" name="step2" time="0.031"/>
  <testcase classname="testClasses.Test2" name="step4" time="1.074"/>
  <testcase classname="testClasses.Test3" name="step3" time="0.496"/>
  <testcase classname="testClasses.Test3" name="step4" time="0.374"/>
  <testcase classname="testClasses.Test3" name="step5" time="0.113"/>
  <testcase classname="testClasses.Test3" name="step6" time="0.141"/>
  <testcase classname="testClasses.Test3" name="step7" time="0.292"/>
  <testcase classname="testClasses.Test3" name="step8" time="0.076"/>
  <testcase classname="testClasses.Test2" name="step5" time="1.368"/>
  <testcase classname="testClasses.Test3" name="step9" time="0.122"/>
</testsuite> <!-- TestCase3Chrome -->
