<?xml version="1.0" encoding="UTF-8"?>
<!-- Generated by org.testng.reporters.JUnitXMLReporter -->
<testsuite ignored="0" hostname="LAPTOP-I097JJ7B" failures="0" tests="39" name="TestCasesChrome" time="29.674" errors="0" timestamp="2023-07-15T17:53:57 CEST">
  <testcase classname="testClasses.Test1" name="step1" time="1.499"/>
  <testcase classname="testClasses.Test1" name="step2" time="1.436"/>
  <testcase classname="testClasses.Test1" name="step3" time="1.048"/>
  <testcase classname="testClasses.Test1" name="step4" time="0.101"/>
  <testcase classname="testClasses.Test1" name="step1" time="2.051"/>
  <testcase classname="testClasses.Test1" name="step5" time="0.642"/>
  <testcase classname="testClasses.Test1" name="step2" time="0.858"/>
  <testcase classname="testClasses.Test1" name="step3" time="1.612"/>
  <testcase classname="testClasses.Test1" name="step4" time="0.113"/>
  <testcase classname="testClasses.Test1" name="step5" time="0.689"/>
  <testcase classname="testClasses.Test2" name="step1" time="1.736"/>
  <testcase classname="testClasses.Test2" name="step2" time="0.049"/>
  <testcase classname="testClasses.Test2" name="step3" time="0.331"/>
  <testcase classname="testClasses.Test2" name="step4" time="1.881"/>
  <testcase classname="testClasses.Test2" name="step5" time="1.304"/>
  <testcase classname="testClasses.Test2" name="step6" time="0.126"/>
  <testcase classname="testClasses.Test2" name="step1" time="2.583"/>
  <testcase classname="testClasses.Test2" name="step2" time="0.042"/>
  <testcase classname="testClasses.Test2" name="step3" time="0.251"/>
  <testcase classname="testClasses.Test2" name="step7" time="2.886"/>
  <testcase classname="testClasses.Test2" name="step8" time="1.253"/>
  <testcase classname="testClasses.Test2" name="step4" time="1.526"/>
  <testcase classname="testClasses.Test2" name="step5" time="1.399"/>
  <testcase classname="testClasses.Test2" name="step6" time="0.331"/>
  <testcase classname="testClasses.Test3" name="step1" time="1.233"/>
  <testcase classname="testClasses.Test3" name="step2" time="0.027"/>
  <testcase classname="testClasses.Test3" name="step3" time="0.877"/>
  <testcase classname="testClasses.Test3" name="step4" time="0.595"/>
  <testcase classname="testClasses.Test3" name="step5" time="0.207"/>
  <testcase classname="testClasses.Test3" name="step6" time="0.159"/>
  <testcase classname="testClasses.Test3" name="step7" time="0.277"/>
  <testcase classname="testClasses.Test3" name="step8" time="0.071"/>
  <testcase classname="testClasses.Test3" name="step9" time="0.103"/>
  <testcase classname="testClasses.Test1" name="step6" time="0.059"/>
  <testcase classname="testClasses.Test2" name="step7" time="5.94"/>
  <testcase classname="testClasses.Test2" name="step8" time="1.132"/>
  <testcase classname="testClasses.Test1" name="step7" time="6.02"/>
  <testcase classname="testClasses.Test1" name="step8" time="0.705"/>
  <testcase classname="testClasses.Test1" name="step9" time="0.056"/>
</testsuite> <!-- TestCasesChrome -->
