<?xml version="1.0" encoding="UTF-8"?>
<!-- Generated by org.testng.reporters.JUnitXMLReporter -->
<testsuite ignored="0" hostname="LAPTOP-I097JJ7B" failures="0" tests="7" name="TestCase1Firefox" time="19.637" errors="0" timestamp="2023-07-15T18:01:16 CEST">
  <testcase classname="testClasses.Test1" name="step7" time="6.061"/>
  <testcase classname="testClasses.Test2" name="step1" time="1.646"/>
  <testcase classname="testClasses.Test2" name="step2" time="0.054"/>
  <testcase classname="testClasses.Test1" name="step8" time="1.091"/>
  <testcase classname="testClasses.Test1" name="step9" time="0.054"/>
  <testcase classname="testClasses.Test2" name="step3" time="0.282"/>
  <testcase classname="testClasses.Test2" name="step4" time="1.752"/>
</testsuite> <!-- TestCase1Firefox -->
