<?xml version="1.0" encoding="UTF-8"?>
<!-- Generated by org.testng.reporters.JUnitXMLReporter -->
<testsuite ignored="0" hostname="LAPTOP-I097JJ7B" failures="0" tests="15" name="TestCase1Chrome" time="14.326" errors="0" timestamp="2023-07-15T18:01:11 CEST">
  <testcase classname="testClasses.Test1" name="step1" time="1.435"/>
  <testcase classname="testClasses.Test1" name="step2" time="1.24"/>
  <testcase classname="testClasses.Test1" name="step3" time="1.334"/>
  <testcase classname="testClasses.Test1" name="step4" time="0.162"/>
  <testcase classname="testClasses.Test1" name="step1" time="2.358"/>
  <testcase classname="testClasses.Test1" name="step5" time="0.909"/>
  <testcase classname="testClasses.Test1" name="step6" time="0.038"/>
  <testcase classname="testClasses.Test1" name="step2" time="0.882"/>
  <testcase classname="testClasses.Test1" name="step3" time="1.449"/>
  <testcase classname="testClasses.Test1" name="step4" time="0.173"/>
  <testcase classname="testClasses.Test1" name="step5" time="0.612"/>
  <testcase classname="testClasses.Test1" name="step6" time="0.164"/>
  <testcase classname="testClasses.Test1" name="step7" time="6.013"/>
  <testcase classname="testClasses.Test1" name="step8" time="0.746"/>
  <testcase classname="testClasses.Test1" name="step9" time="0.048"/>
</testsuite> <!-- TestCase1Chrome -->
