<?xml version="1.0" encoding="UTF-8"?>
<!-- Generated by org.testng.reporters.JUnitXMLReporter -->
<testsuite ignored="0" hostname="LAPTOP-I097JJ7B" failures="0" tests="12" name="TestCase2Firefox" time="17.938" errors="0" timestamp="2023-07-15T18:01:34 CEST">
  <testcase classname="TestClasses.Test2" name="step6" time="0.287"/>
  <testcase classname="TestClasses.Test3" name="step1" time="1.586"/>
  <testcase classname="TestClasses.Test3" name="step2" time="0.006"/>
  <testcase classname="TestClasses.Test3" name="step3" time="0.445"/>
  <testcase classname="TestClasses.Test3" name="step4" time="0.461"/>
  <testcase classname="TestClasses.Test3" name="step5" time="0.095"/>
  <testcase classname="TestClasses.Test3" name="step6" time="0.112"/>
  <testcase classname="TestClasses.Test2" name="step7" time="5.637"/>
  <testcase classname="TestClasses.Test2" name="step8" time="1.111"/>
  <testcase classname="TestClasses.Test3" name="step7" time="2.248"/>
  <testcase classname="TestClasses.Test3" name="step8" time="0.036"/>
  <testcase classname="TestClasses.Test3" name="step9" time="0.279"/>
</testsuite> <!-- TestCase2Firefox -->
