<?xml version="1.0" encoding="UTF-8"?>
<!-- Generated by org.testng.reporters.JUnitXMLReporter -->
<testsuite ignored="0" hostname="LAPTOP-I097JJ7B" failures="0" tests="4" name="TestCase2Chrome" time="9.133" errors="0" timestamp="2023-07-15T18:01:20 CEST">
  <testcase classname="testClasses.Test2" name="step5" time="1.314"/>
  <testcase classname="testClasses.Test2" name="step6" time="0.161"/>
  <testcase classname="testClasses.Test2" name="step7" time="1.589"/>
  <testcase classname="testClasses.Test2" name="step8" time="1.189"/>
</testsuite> <!-- TestCase2Chrome -->
