<?xml version="1.0" encoding="UTF-8"?>
<testng-results ignored="0" total="52" passed="52" failed="0" skipped="0">
  <reporter-output>
  </reporter-output>
  <suite started-at="2023-07-16T23:02:16 CEST" name="Automationsuite" finished-at="2023-07-16T23:02:52 CEST" duration-ms="35263">
    <groups>
    </groups>
    <test started-at="2023-07-16T23:02:16 CEST" name="TestCase1Chrome" finished-at="2023-07-16T23:02:30 CEST" duration-ms="14205">
      <class name="TestClasses.Test1">
        <test-method is-config="true" signature="setup(java.lang.String)[pri:0, instance:TestClasses.Test1@a3d8174]" started-at="2023-07-16T23:02:16 CEST" name="setup" finished-at="2023-07-16T23:02:18 CEST" duration-ms="1980" status="PASS">
          <params>
            <param index="0">
              <value>
                <![CDATA[chrome]]>
              </value>
            </param>
          </params>
          <reporter-output>
          </reporter-output>
        </test-method> <!-- setup -->
        <test-method signature="step1()[pri:0, instance:TestClasses.Test1@a3d8174]" started-at="2023-07-16T23:02:18 CEST" name="step1" finished-at="2023-07-16T23:02:20 CEST" duration-ms="1632" status="PASS">
          <reporter-output>
          </reporter-output>
        </test-method> <!-- step1 -->
        <test-method signature="step2()[pri:0, instance:TestClasses.Test1@a3d8174]" started-at="2023-07-16T23:02:20 CEST" name="step2" finished-at="2023-07-16T23:02:21 CEST" duration-ms="1249" status="PASS">
          <reporter-output>
          </reporter-output>
        </test-method> <!-- step2 -->
        <test-method signature="step3()[pri:0, instance:TestClasses.Test1@a3d8174]" started-at="2023-07-16T23:02:21 CEST" name="step3" finished-at="2023-07-16T23:02:22 CEST" duration-ms="1229" status="PASS">
          <reporter-output>
          </reporter-output>
        </test-method> <!-- step3 -->
        <test-method signature="step4()[pri:0, instance:TestClasses.Test1@a3d8174]" started-at="2023-07-16T23:02:22 CEST" name="step4" finished-at="2023-07-16T23:02:23 CEST" duration-ms="118" status="PASS">
          <reporter-output>
          </reporter-output>
        </test-method> <!-- step4 -->
        <test-method signature="step5()[pri:0, instance:TestClasses.Test1@a3d8174]" started-at="2023-07-16T23:02:23 CEST" name="step5" finished-at="2023-07-16T23:02:23 CEST" duration-ms="650" status="PASS">
          <reporter-output>
          </reporter-output>
        </test-method> <!-- step5 -->
        <test-method signature="step6()[pri:0, instance:TestClasses.Test1@a3d8174]" started-at="2023-07-16T23:02:23 CEST" name="step6" finished-at="2023-07-16T23:02:23 CEST" duration-ms="50" status="PASS">
          <reporter-output>
          </reporter-output>
        </test-method> <!-- step6 -->
        <test-method signature="step7()[pri:0, instance:TestClasses.Test1@a3d8174]" started-at="2023-07-16T23:02:23 CEST" name="step7" finished-at="2023-07-16T23:02:29 CEST" duration-ms="5940" status="PASS">
          <reporter-output>
          </reporter-output>
        </test-method> <!-- step7 -->
        <test-method signature="step8()[pri:0, instance:TestClasses.Test1@a3d8174]" started-at="2023-07-16T23:02:29 CEST" name="step8" finished-at="2023-07-16T23:02:30 CEST" duration-ms="639" status="PASS">
          <reporter-output>
          </reporter-output>
        </test-method> <!-- step8 -->
        <test-method signature="step9()[pri:0, instance:TestClasses.Test1@a3d8174]" started-at="2023-07-16T23:02:30 CEST" name="step9" finished-at="2023-07-16T23:02:30 CEST" duration-ms="373" status="PASS">
          <reporter-output>
          </reporter-output>
        </test-method> <!-- step9 -->
        <test-method is-config="true" signature="tearDown()[pri:0, instance:TestClasses.Test1@a3d8174]" started-at="2023-07-16T23:02:30 CEST" name="tearDown" finished-at="2023-07-16T23:02:30 CEST" duration-ms="247" status="PASS">
          <reporter-output>
          </reporter-output>
        </test-method> <!-- tearDown -->
      </class> <!-- TestClasses.Test1 -->
    </test> <!-- TestCase1Chrome -->
    <test started-at="2023-07-16T23:02:16 CEST" name="TestCase1Firefox" finished-at="2023-07-16T23:02:35 CEST" duration-ms="18731">
      <class name="TestClasses.Test1">
        <test-method is-config="true" signature="setup(java.lang.String)[pri:0, instance:TestClasses.Test1@2fd1433e]" started-at="2023-07-16T23:02:16 CEST" name="setup" finished-at="2023-07-16T23:02:20 CEST" duration-ms="3968" status="PASS">
          <params>
            <param index="0">
              <value>
                <![CDATA[firefox]]>
              </value>
            </param>
          </params>
          <reporter-output>
          </reporter-output>
        </test-method> <!-- setup -->
        <test-method signature="step1()[pri:0, instance:TestClasses.Test1@2fd1433e]" started-at="2023-07-16T23:02:20 CEST" name="step1" finished-at="2023-07-16T23:02:22 CEST" duration-ms="1795" status="PASS">
          <reporter-output>
          </reporter-output>
        </test-method> <!-- step1 -->
        <test-method signature="step2()[pri:0, instance:TestClasses.Test1@2fd1433e]" started-at="2023-07-16T23:02:22 CEST" name="step2" finished-at="2023-07-16T23:02:23 CEST" duration-ms="1399" status="PASS">
          <reporter-output>
          </reporter-output>
        </test-method> <!-- step2 -->
        <test-method signature="step3()[pri:0, instance:TestClasses.Test1@2fd1433e]" started-at="2023-07-16T23:02:23 CEST" name="step3" finished-at="2023-07-16T23:02:25 CEST" duration-ms="1482" status="PASS">
          <reporter-output>
          </reporter-output>
        </test-method> <!-- step3 -->
        <test-method signature="step4()[pri:0, instance:TestClasses.Test1@2fd1433e]" started-at="2023-07-16T23:02:25 CEST" name="step4" finished-at="2023-07-16T23:02:25 CEST" duration-ms="137" status="PASS">
          <reporter-output>
          </reporter-output>
        </test-method> <!-- step4 -->
        <test-method signature="step5()[pri:0, instance:TestClasses.Test1@2fd1433e]" started-at="2023-07-16T23:02:25 CEST" name="step5" finished-at="2023-07-16T23:02:26 CEST" duration-ms="578" status="PASS">
          <reporter-output>
          </reporter-output>
        </test-method> <!-- step5 -->
        <test-method signature="step6()[pri:0, instance:TestClasses.Test1@2fd1433e]" started-at="2023-07-16T23:02:26 CEST" name="step6" finished-at="2023-07-16T23:02:26 CEST" duration-ms="103" status="PASS">
          <reporter-output>
          </reporter-output>
        </test-method> <!-- step6 -->
        <test-method signature="step7()[pri:0, instance:TestClasses.Test1@2fd1433e]" started-at="2023-07-16T23:02:26 CEST" name="step7" finished-at="2023-07-16T23:02:32 CEST" duration-ms="5988" status="PASS">
          <reporter-output>
          </reporter-output>
        </test-method> <!-- step7 -->
        <test-method signature="step8()[pri:0, instance:TestClasses.Test1@2fd1433e]" started-at="2023-07-16T23:02:32 CEST" name="step8" finished-at="2023-07-16T23:02:33 CEST" duration-ms="1250" status="PASS">
          <reporter-output>
          </reporter-output>
        </test-method> <!-- step8 -->
        <test-method signature="step9()[pri:0, instance:TestClasses.Test1@2fd1433e]" started-at="2023-07-16T23:02:33 CEST" name="step9" finished-at="2023-07-16T23:02:33 CEST" duration-ms="243" status="PASS">
          <reporter-output>
          </reporter-output>
        </test-method> <!-- step9 -->
        <test-method is-config="true" signature="tearDown()[pri:0, instance:TestClasses.Test1@2fd1433e]" started-at="2023-07-16T23:02:33 CEST" name="tearDown" finished-at="2023-07-16T23:02:35 CEST" duration-ms="1726" status="PASS">
          <reporter-output>
          </reporter-output>
        </test-method> <!-- tearDown -->
      </class> <!-- TestClasses.Test1 -->
    </test> <!-- TestCase1Firefox -->
    <test started-at="2023-07-16T23:02:30 CEST" name="TestCase2Chrome" finished-at="2023-07-16T23:02:40 CEST" duration-ms="9433">
      <class name="TestClasses.Test2">
        <test-method is-config="true" signature="setup(java.lang.String)[pri:0, instance:TestClasses.Test2@446293d]" started-at="2023-07-16T23:02:30 CEST" name="setup" finished-at="2023-07-16T23:02:31 CEST" duration-ms="953" status="PASS">
          <params>
            <param index="0">
              <value>
                <![CDATA[chrome]]>
              </value>
            </param>
          </params>
          <reporter-output>
          </reporter-output>
        </test-method> <!-- setup -->
        <test-method signature="step1()[pri:0, instance:TestClasses.Test2@446293d]" started-at="2023-07-16T23:02:31 CEST" name="step1" finished-at="2023-07-16T23:02:33 CEST" duration-ms="1684" status="PASS">
          <reporter-output>
          </reporter-output>
        </test-method> <!-- step1 -->
        <test-method signature="step2()[pri:0, instance:TestClasses.Test2@446293d]" started-at="2023-07-16T23:02:33 CEST" name="step2" finished-at="2023-07-16T23:02:33 CEST" duration-ms="38" status="PASS">
          <reporter-output>
          </reporter-output>
        </test-method> <!-- step2 -->
        <test-method signature="step3()[pri:0, instance:TestClasses.Test2@446293d]" started-at="2023-07-16T23:02:33 CEST" name="step3" finished-at="2023-07-16T23:02:33 CEST" duration-ms="335" status="PASS">
          <reporter-output>
          </reporter-output>
        </test-method> <!-- step3 -->
        <test-method signature="step4()[pri:0, instance:TestClasses.Test2@446293d]" started-at="2023-07-16T23:02:33 CEST" name="step4" finished-at="2023-07-16T23:02:35 CEST" duration-ms="1823" status="PASS">
          <reporter-output>
          </reporter-output>
        </test-method> <!-- step4 -->
        <test-method signature="step5()[pri:0, instance:TestClasses.Test2@446293d]" started-at="2023-07-16T23:02:35 CEST" name="step5" finished-at="2023-07-16T23:02:37 CEST" duration-ms="1350" status="PASS">
          <reporter-output>
          </reporter-output>
        </test-method> <!-- step5 -->
        <test-method signature="step6()[pri:0, instance:TestClasses.Test2@446293d]" started-at="2023-07-16T23:02:37 CEST" name="step6" finished-at="2023-07-16T23:02:37 CEST" duration-ms="197" status="PASS">
          <reporter-output>
          </reporter-output>
        </test-method> <!-- step6 -->
        <test-method signature="step7()[pri:0, instance:TestClasses.Test2@446293d]" started-at="2023-07-16T23:02:37 CEST" name="step7" finished-at="2023-07-16T23:02:38 CEST" duration-ms="1571" status="PASS">
          <reporter-output>
          </reporter-output>
        </test-method> <!-- step7 -->
        <test-method signature="step8()[pri:0, instance:TestClasses.Test2@446293d]" started-at="2023-07-16T23:02:38 CEST" name="step8" finished-at="2023-07-16T23:02:40 CEST" duration-ms="1240" status="PASS">
          <reporter-output>
          </reporter-output>
        </test-method> <!-- step8 -->
        <test-method is-config="true" signature="tearDown()[pri:0, instance:TestClasses.Test2@446293d]" started-at="2023-07-16T23:02:40 CEST" name="tearDown" finished-at="2023-07-16T23:02:40 CEST" duration-ms="238" status="PASS">
          <reporter-output>
          </reporter-output>
        </test-method> <!-- tearDown -->
      </class> <!-- TestClasses.Test2 -->
    </test> <!-- TestCase2Chrome -->
    <test started-at="2023-07-16T23:02:40 CEST" name="TestCase3Chrome" finished-at="2023-07-16T23:02:44 CEST" duration-ms="4187">
      <class name="TestClasses.Test3">
        <test-method is-config="true" signature="setup(java.lang.String)[pri:0, instance:TestClasses.Test3@4de4b452]" started-at="2023-07-16T23:02:40 CEST" name="setup" finished-at="2023-07-16T23:02:41 CEST" duration-ms="1000" status="PASS">
          <params>
            <param index="0">
              <value>
                <![CDATA[chrome]]>
              </value>
            </param>
          </params>
          <reporter-output>
          </reporter-output>
        </test-method> <!-- setup -->
        <test-method signature="step1()[pri:0, instance:TestClasses.Test3@4de4b452]" started-at="2023-07-16T23:02:41 CEST" name="step1" finished-at="2023-07-16T23:02:42 CEST" duration-ms="1271" status="PASS">
          <reporter-output>
          </reporter-output>
        </test-method> <!-- step1 -->
        <test-method signature="step2()[pri:0, instance:TestClasses.Test3@4de4b452]" started-at="2023-07-16T23:02:42 CEST" name="step2" finished-at="2023-07-16T23:02:42 CEST" duration-ms="25" status="PASS">
          <reporter-output>
          </reporter-output>
        </test-method> <!-- step2 -->
        <test-method signature="step3()[pri:0, instance:TestClasses.Test3@4de4b452]" started-at="2023-07-16T23:02:42 CEST" name="step3" finished-at="2023-07-16T23:02:43 CEST" duration-ms="502" status="PASS">
          <reporter-output>
          </reporter-output>
        </test-method> <!-- step3 -->
        <test-method signature="step4()[pri:0, instance:TestClasses.Test3@4de4b452]" started-at="2023-07-16T23:02:43 CEST" name="step4" finished-at="2023-07-16T23:02:43 CEST" duration-ms="429" status="PASS">
          <reporter-output>
          </reporter-output>
        </test-method> <!-- step4 -->
        <test-method signature="step5()[pri:0, instance:TestClasses.Test3@4de4b452]" started-at="2023-07-16T23:02:43 CEST" name="step5" finished-at="2023-07-16T23:02:43 CEST" duration-ms="120" status="PASS">
          <reporter-output>
          </reporter-output>
        </test-method> <!-- step5 -->
        <test-method signature="step6()[pri:0, instance:TestClasses.Test3@4de4b452]" started-at="2023-07-16T23:02:43 CEST" name="step6" finished-at="2023-07-16T23:02:43 CEST" duration-ms="167" status="PASS">
          <reporter-output>
          </reporter-output>
        </test-method> <!-- step6 -->
        <test-method signature="step7()[pri:0, instance:TestClasses.Test3@4de4b452]" started-at="2023-07-16T23:02:43 CEST" name="step7" finished-at="2023-07-16T23:02:44 CEST" duration-ms="323" status="PASS">
          <reporter-output>
          </reporter-output>
        </test-method> <!-- step7 -->
        <test-method signature="step8()[pri:0, instance:TestClasses.Test3@4de4b452]" started-at="2023-07-16T23:02:44 CEST" name="step8" finished-at="2023-07-16T23:02:44 CEST" duration-ms="62" status="PASS">
          <reporter-output>
          </reporter-output>
        </test-method> <!-- step8 -->
        <test-method signature="step9()[pri:0, instance:TestClasses.Test3@4de4b452]" started-at="2023-07-16T23:02:44 CEST" name="step9" finished-at="2023-07-16T23:02:44 CEST" duration-ms="97" status="PASS">
          <reporter-output>
          </reporter-output>
        </test-method> <!-- step9 -->
        <test-method is-config="true" signature="tearDown()[pri:0, instance:TestClasses.Test3@4de4b452]" started-at="2023-07-16T23:02:44 CEST" name="tearDown" finished-at="2023-07-16T23:02:44 CEST" duration-ms="185" status="PASS">
          <reporter-output>
          </reporter-output>
        </test-method> <!-- tearDown -->
      </class> <!-- TestClasses.Test3 -->
    </test> <!-- TestCase3Chrome -->
    <test started-at="2023-07-16T23:02:35 CEST" name="TestCase2Firefox" finished-at="2023-07-16T23:02:51 CEST" duration-ms="16306">
      <class name="TestClasses.Test2">
        <test-method is-config="true" signature="setup(java.lang.String)[pri:0, instance:TestClasses.Test2@2df9b86]" started-at="2023-07-16T23:02:35 CEST" name="setup" finished-at="2023-07-16T23:02:38 CEST" duration-ms="3295" status="PASS">
          <params>
            <param index="0">
              <value>
                <![CDATA[firefox]]>
              </value>
            </param>
          </params>
          <reporter-output>
          </reporter-output>
        </test-method> <!-- setup -->
        <test-method signature="step1()[pri:0, instance:TestClasses.Test2@2df9b86]" started-at="2023-07-16T23:02:38 CEST" name="step1" finished-at="2023-07-16T23:02:40 CEST" duration-ms="1981" status="PASS">
          <reporter-output>
          </reporter-output>
        </test-method> <!-- step1 -->
        <test-method signature="step2()[pri:0, instance:TestClasses.Test2@2df9b86]" started-at="2023-07-16T23:02:40 CEST" name="step2" finished-at="2023-07-16T23:02:40 CEST" duration-ms="58" status="PASS">
          <reporter-output>
          </reporter-output>
        </test-method> <!-- step2 -->
        <test-method signature="step3()[pri:0, instance:TestClasses.Test2@2df9b86]" started-at="2023-07-16T23:02:40 CEST" name="step3" finished-at="2023-07-16T23:02:41 CEST" duration-ms="815" status="PASS">
          <reporter-output>
          </reporter-output>
        </test-method> <!-- step3 -->
        <test-method signature="step4()[pri:0, instance:TestClasses.Test2@2df9b86]" started-at="2023-07-16T23:02:41 CEST" name="step4" finished-at="2023-07-16T23:02:42 CEST" duration-ms="831" status="PASS">
          <reporter-output>
          </reporter-output>
        </test-method> <!-- step4 -->
        <test-method signature="step5()[pri:0, instance:TestClasses.Test2@2df9b86]" started-at="2023-07-16T23:02:42 CEST" name="step5" finished-at="2023-07-16T23:02:43 CEST" duration-ms="1366" status="PASS">
          <reporter-output>
          </reporter-output>
        </test-method> <!-- step5 -->
        <test-method signature="step6()[pri:0, instance:TestClasses.Test2@2df9b86]" started-at="2023-07-16T23:02:43 CEST" name="step6" finished-at="2023-07-16T23:02:44 CEST" duration-ms="285" status="PASS">
          <reporter-output>
          </reporter-output>
        </test-method> <!-- step6 -->
        <test-method signature="step7()[pri:0, instance:TestClasses.Test2@2df9b86]" started-at="2023-07-16T23:02:44 CEST" name="step7" finished-at="2023-07-16T23:02:49 CEST" duration-ms="5140" status="PASS">
          <reporter-output>
          </reporter-output>
        </test-method> <!-- step7 -->
        <test-method signature="step8()[pri:0, instance:TestClasses.Test2@2df9b86]" started-at="2023-07-16T23:02:49 CEST" name="step8" finished-at="2023-07-16T23:02:50 CEST" duration-ms="1083" status="PASS">
          <reporter-output>
          </reporter-output>
        </test-method> <!-- step8 -->
        <test-method is-config="true" signature="tearDown()[pri:0, instance:TestClasses.Test2@2df9b86]" started-at="2023-07-16T23:02:50 CEST" name="tearDown" finished-at="2023-07-16T23:02:51 CEST" duration-ms="1438" status="PASS">
          <reporter-output>
          </reporter-output>
        </test-method> <!-- tearDown -->
      </class> <!-- TestClasses.Test2 -->
    </test> <!-- TestCase2Firefox -->
    <test started-at="2023-07-16T23:02:44 CEST" name="TestCase3Firefox" finished-at="2023-07-16T23:02:52 CEST" duration-ms="7434">
      <class name="TestClasses.Test3">
        <test-method is-config="true" signature="setup(java.lang.String)[pri:0, instance:TestClasses.Test3@6babf3bf]" started-at="2023-07-16T23:02:44 CEST" name="setup" finished-at="2023-07-16T23:02:47 CEST" duration-ms="2619" status="PASS">
          <params>
            <param index="0">
              <value>
                <![CDATA[firefox]]>
              </value>
            </param>
          </params>
          <reporter-output>
          </reporter-output>
        </test-method> <!-- setup -->
        <test-method signature="step1()[pri:0, instance:TestClasses.Test3@6babf3bf]" started-at="2023-07-16T23:02:47 CEST" name="step1" finished-at="2023-07-16T23:02:48 CEST" duration-ms="1408" status="PASS">
          <reporter-output>
          </reporter-output>
        </test-method> <!-- step1 -->
        <test-method signature="step2()[pri:0, instance:TestClasses.Test3@6babf3bf]" started-at="2023-07-16T23:02:48 CEST" name="step2" finished-at="2023-07-16T23:02:48 CEST" duration-ms="8" status="PASS">
          <reporter-output>
          </reporter-output>
        </test-method> <!-- step2 -->
        <test-method signature="step3()[pri:0, instance:TestClasses.Test3@6babf3bf]" started-at="2023-07-16T23:02:48 CEST" name="step3" finished-at="2023-07-16T23:02:49 CEST" duration-ms="583" status="PASS">
          <reporter-output>
          </reporter-output>
        </test-method> <!-- step3 -->
        <test-method signature="step4()[pri:0, instance:TestClasses.Test3@6babf3bf]" started-at="2023-07-16T23:02:49 CEST" name="step4" finished-at="2023-07-16T23:02:49 CEST" duration-ms="369" status="PASS">
          <reporter-output>
          </reporter-output>
        </test-method> <!-- step4 -->
        <test-method signature="step5()[pri:0, instance:TestClasses.Test3@6babf3bf]" started-at="2023-07-16T23:02:49 CEST" name="step5" finished-at="2023-07-16T23:02:49 CEST" duration-ms="75" status="PASS">
          <reporter-output>
          </reporter-output>
        </test-method> <!-- step5 -->
        <test-method signature="step6()[pri:0, instance:TestClasses.Test3@6babf3bf]" started-at="2023-07-16T23:02:49 CEST" name="step6" finished-at="2023-07-16T23:02:49 CEST" duration-ms="100" status="PASS">
          <reporter-output>
          </reporter-output>
        </test-method> <!-- step6 -->
        <test-method signature="step7()[pri:0, instance:TestClasses.Test3@6babf3bf]" started-at="2023-07-16T23:02:49 CEST" name="step7" finished-at="2023-07-16T23:02:50 CEST" duration-ms="933" status="PASS">
          <reporter-output>
          </reporter-output>
        </test-method> <!-- step7 -->
        <test-method signature="step8()[pri:0, instance:TestClasses.Test3@6babf3bf]" started-at="2023-07-16T23:02:50 CEST" name="step8" finished-at="2023-07-16T23:02:50 CEST" duration-ms="21" status="PASS">
          <reporter-output>
          </reporter-output>
        </test-method> <!-- step8 -->
        <test-method signature="step9()[pri:0, instance:TestClasses.Test3@6babf3bf]" started-at="2023-07-16T23:02:50 CEST" name="step9" finished-at="2023-07-16T23:02:50 CEST" duration-ms="246" status="PASS">
          <reporter-output>
          </reporter-output>
        </test-method> <!-- step9 -->
        <test-method is-config="true" signature="tearDown()[pri:0, instance:TestClasses.Test3@6babf3bf]" started-at="2023-07-16T23:02:50 CEST" name="tearDown" finished-at="2023-07-16T23:02:52 CEST" duration-ms="1063" status="PASS">
          <reporter-output>
          </reporter-output>
        </test-method> <!-- tearDown -->
      </class> <!-- TestClasses.Test3 -->
    </test> <!-- TestCase3Firefox -->
  </suite> <!-- Automationsuite -->
</testng-results>
